<?xml version="1.0" encoding="UTF-8"?>
<testsuite xmlns:xsi="http://www.w3.org/2001/XMLSchema-instance" xsi:noNamespaceSchemaLocation="https://maven.apache.org/surefire/maven-surefire-plugin/xsd/surefire-test-report.xsd" name="com.myexample.ApplicationServerTest" time="0.022" tests="1" errors="0" skipped="0" failures="0">
  <properties>
    <property name="gopherProxySet" value="false"/>
    <property name="awt.toolkit" value="sun.lwawt.macosx.LWCToolkit"/>
    <property name="java.specification.version" value="11"/>
    <property name="sun.cpu.isalist" value=""/>
    <property name="sun.jnu.encoding" value="UTF-8"/>
    <property name="java.class.path" value="/Users/snakanishi/codespace/MyProduct/blockchain_server/sbchain/target/test-classes:/Users/snakanishi/codespace/MyProduct/blockchain_server/sbchain/target/classes:/Users/snakanishi/.m2/repository/com/heroku/sdk/heroku-maven-plugin/3.0.4/heroku-maven-plugin-3.0.4.jar:/Users/snakanishi/.m2/repository/com/heroku/sdk/heroku-deploy/3.0.4/heroku-deploy-3.0.4.jar:/Users/snakanishi/.m2/repository/com/fasterxml/jackson/core/jackson-core/2.10.2/jackson-core-2.10.2.jar:/Users/snakanishi/.m2/repository/com/fasterxml/jackson/core/jackson-databind/2.10.2/jackson-databind-2.10.2.jar:/Users/snakanishi/.m2/repository/com/fasterxml/jackson/core/jackson-annotations/2.10.2/jackson-annotations-2.10.2.jar:/Users/snakanishi/.m2/repository/org/apache/commons/commons-compress/1.19/commons-compress-1.19.jar:/Users/snakanishi/.m2/repository/org/apache/commons/commons-text/1.8/commons-text-1.8.jar:/Users/snakanishi/.m2/repository/org/eclipse/jgit/org.eclipse.jgit/5.6.0.201912101111-r/org.eclipse.jgit-5.6.0.201912101111-r.jar:/Users/snakanishi/.m2/repository/com/jcraft/jsch/0.1.55/jsch-0.1.55.jar:/Users/snakanishi/.m2/repository/com/jcraft/jzlib/1.1.1/jzlib-1.1.1.jar:/Users/snakanishi/.m2/repository/com/googlecode/javaewah/JavaEWAH/1.1.6/JavaEWAH-1.1.6.jar:/Users/snakanishi/.m2/repository/org/bouncycastle/bcpg-jdk15on/1.64/bcpg-jdk15on-1.64.jar:/Users/snakanishi/.m2/repository/org/bouncycastle/bcprov-jdk15on/1.64/bcprov-jdk15on-1.64.jar:/Users/snakanishi/.m2/repository/org/bouncycastle/bcpkix-jdk15on/1.64/bcpkix-jdk15on-1.64.jar:/Users/snakanishi/.m2/repository/org/apache/httpcomponents/httpclient/4.5.11/httpclient-4.5.11.jar:/Users/snakanishi/.m2/repository/commons-logging/commons-logging/1.2/commons-logging-1.2.jar:/Users/snakanishi/.m2/repository/com/heroku/api/heroku-api/0.43/heroku-api-0.43.jar:/Users/snakanishi/.m2/repository/com/heroku/api/heroku-json-jackson/0.43/heroku-json-jackson-0.43.jar:/Users/snakanishi/.m2/repository/com/heroku/api/heroku-http-apache/0.43/heroku-http-apache-0.43.jar:/Users/snakanishi/.m2/repository/org/apache/maven/maven-plugin-api/3.5.0/maven-plugin-api-3.5.0.jar:/Users/snakanishi/.m2/repository/org/eclipse/sisu/org.eclipse.sisu.plexus/0.3.3/org.eclipse.sisu.plexus-0.3.3.jar:/Users/snakanishi/.m2/repository/javax/enterprise/cdi-api/1.0/cdi-api-1.0.jar:/Users/snakanishi/.m2/repository/javax/annotation/jsr250-api/1.0/jsr250-api-1.0.jar:/Users/snakanishi/.m2/repository/org/eclipse/sisu/org.eclipse.sisu.inject/0.3.3/org.eclipse.sisu.inject-0.3.3.jar:/Users/snakanishi/.m2/repository/org/apache/maven/maven-core/3.5.0/maven-core-3.5.0.jar:/Users/snakanishi/.m2/repository/org/apache/maven/maven-settings/3.5.0/maven-settings-3.5.0.jar:/Users/snakanishi/.m2/repository/org/apache/maven/maven-settings-builder/3.5.0/maven-settings-builder-3.5.0.jar:/Users/snakanishi/.m2/repository/org/apache/maven/maven-builder-support/3.5.0/maven-builder-support-3.5.0.jar:/Users/snakanishi/.m2/repository/org/apache/maven/maven-model-builder/3.5.0/maven-model-builder-3.5.0.jar:/Users/snakanishi/.m2/repository/org/apache/maven/maven-resolver-provider/3.5.0/maven-resolver-provider-3.5.0.jar:/Users/snakanishi/.m2/repository/org/apache/maven/resolver/maven-resolver-impl/1.0.3/maven-resolver-impl-1.0.3.jar:/Users/snakanishi/.m2/repository/org/apache/maven/resolver/maven-resolver-api/1.0.3/maven-resolver-api-1.0.3.jar:/Users/snakanishi/.m2/repository/org/apache/maven/resolver/maven-resolver-spi/1.0.3/maven-resolver-spi-1.0.3.jar:/Users/snakanishi/.m2/repository/org/apache/maven/resolver/maven-resolver-util/1.0.3/maven-resolver-util-1.0.3.jar:/Users/snakanishi/.m2/repository/com/google/inject/guice/4.0/guice-4.0-no_aop.jar:/Users/snakanishi/.m2/repository/javax/inject/javax.inject/1/javax.inject-1.jar:/Users/snakanishi/.m2/repository/aopalliance/aopalliance/1.0/aopalliance-1.0.jar:/Users/snakanishi/.m2/repository/org/codehaus/plexus/plexus-interpolation/1.24/plexus-interpolation-1.24.jar:/Users/snakanishi/.m2/repository/org/codehaus/plexus/plexus-classworlds/2.5.2/plexus-classworlds-2.5.2.jar:/Users/snakanishi/.m2/repository/org/codehaus/plexus/plexus-component-annotations/1.7.1/plexus-component-annotations-1.7.1.jar:/Users/snakanishi/.m2/repository/org/sonatype/plexus/plexus-sec-dispatcher/1.4/plexus-sec-dispatcher-1.4.jar:/Users/snakanishi/.m2/repository/org/sonatype/plexus/plexus-cipher/1.4/plexus-cipher-1.4.jar:/Users/snakanishi/.m2/repository/org/apache/commons/commons-lang3/3.5/commons-lang3-3.5.jar:/Users/snakanishi/.m2/repository/org/apache/maven/maven-artifact/3.5.0/maven-artifact-3.5.0.jar:/Users/snakanishi/.m2/repository/org/twdata/maven/mojo-executor/2.3.1/mojo-executor-2.3.1.jar:/Users/snakanishi/.m2/repository/org/apache/maven/plugins/maven-dependency-plugin/3.1.2/maven-dependency-plugin-3.1.2.jar:/Users/snakanishi/.m2/repository/org/apache/maven/maven-model/3.0/maven-model-3.0.jar:/Users/snakanishi/.m2/repository/org/apache/maven/maven-repository-metadata/3.0/maven-repository-metadata-3.0.jar:/Users/snakanishi/.m2/repository/org/apache/maven/reporting/maven-reporting-api/3.0/maven-reporting-api-3.0.jar:/Users/snakanishi/.m2/repository/org/apache/maven/reporting/maven-reporting-impl/3.0.0/maven-reporting-impl-3.0.0.jar:/Users/snakanishi/.m2/repository/org/apache/maven/doxia/doxia-decoration-model/1.7.4/doxia-decoration-model-1.7.4.jar:/Users/snakanishi/.m2/repository/commons-io/commons-io/2.6/commons-io-2.6.jar:/Users/snakanishi/.m2/repository/org/apache/maven/doxia/doxia-sink-api/1.9/doxia-sink-api-1.9.jar:/Users/snakanishi/.m2/repository/org/apache/maven/doxia/doxia-logging-api/1.9/doxia-logging-api-1.9.jar:/Users/snakanishi/.m2/repository/org/apache/maven/doxia/doxia-core/1.9/doxia-core-1.9.jar:/Users/snakanishi/.m2/repository/org/codehaus/plexus/plexus-container-default/1.7.1/plexus-container-default-1.7.1.jar:/Users/snakanishi/.m2/repository/org/apache/xbean/xbean-reflect/3.7/xbean-reflect-3.7.jar:/Users/snakanishi/.m2/repository/com/google/collections/google-collections/1.0/google-collections-1.0.jar:/Users/snakanishi/.m2/repository/org/apache/httpcomponents/httpcore/4.4.11/httpcore-4.4.11.jar:/Users/snakanishi/.m2/repository/org/apache/maven/doxia/doxia-site-renderer/1.9/doxia-site-renderer-1.9.jar:/Users/snakanishi/.m2/repository/org/apache/maven/doxia/doxia-skin-model/1.9/doxia-skin-model-1.9.jar:/Users/snakanishi/.m2/repository/org/apache/maven/doxia/doxia-module-xhtml/1.9/doxia-module-xhtml-1.9.jar:/Users/snakanishi/.m2/repository/org/apache/maven/doxia/doxia-module-xhtml5/1.9/doxia-module-xhtml5-1.9.jar:/Users/snakanishi/.m2/repository/org/codehaus/plexus/plexus-i18n/1.0-beta-10/plexus-i18n-1.0-beta-10.jar:/Users/snakanishi/.m2/repository/org/codehaus/plexus/plexus-velocity/1.2/plexus-velocity-1.2.jar:/Users/snakanishi/.m2/repository/org/apache/velocity/velocity/1.7/velocity-1.7.jar:/Users/snakanishi/.m2/repository/org/apache/velocity/velocity-tools/2.0/velocity-tools-2.0.jar:/Users/snakanishi/.m2/repository/commons-beanutils/commons-beanutils/1.7.0/commons-beanutils-1.7.0.jar:/Users/snakanishi/.m2/repository/commons-digester/commons-digester/1.8/commons-digester-1.8.jar:/Users/snakanishi/.m2/repository/commons-chain/commons-chain/1.1/commons-chain-1.1.jar:/Users/snakanishi/.m2/repository/commons-validator/commons-validator/1.3.1/commons-validator-1.3.1.jar:/Users/snakanishi/.m2/repository/dom4j/dom4j/1.1/dom4j-1.1.jar:/Users/snakanishi/.m2/repository/oro/oro/2.0.8/oro-2.0.8.jar:/Users/snakanishi/.m2/repository/sslext/sslext/1.2-0/sslext-1.2-0.jar:/Users/snakanishi/.m2/repository/org/apache/struts/struts-core/1.3.8/struts-core-1.3.8.jar:/Users/snakanishi/.m2/repository/antlr/antlr/2.7.2/antlr-2.7.2.jar:/Users/snakanishi/.m2/repository/org/apache/struts/struts-taglib/1.3.8/struts-taglib-1.3.8.jar:/Users/snakanishi/.m2/repository/org/apache/struts/struts-tiles/1.3.8/struts-tiles-1.3.8.jar:/Users/snakanishi/.m2/repository/org/codehaus/plexus/plexus-archiver/4.2.2/plexus-archiver-4.2.2.jar:/Users/snakanishi/.m2/repository/org/iq80/snappy/snappy/0.4/snappy-0.4.jar:/Users/snakanishi/.m2/repository/org/tukaani/xz/1.8/xz-1.8.jar:/Users/snakanishi/.m2/repository/org/codehaus/plexus/plexus-utils/3.3.0/plexus-utils-3.3.0.jar:/Users/snakanishi/.m2/repository/org/apache/maven/shared/file-management/3.0.0/file-management-3.0.0.jar:/Users/snakanishi/.m2/repository/org/apache/maven/shared/maven-shared-io/3.0.0/maven-shared-io-3.0.0.jar:/Users/snakanishi/.m2/repository/org/apache/maven/maven-compat/3.0/maven-compat-3.0.jar:/Users/snakanishi/.m2/repository/org/apache/maven/wagon/wagon-provider-api/2.10/wagon-provider-api-2.10.jar:/Users/snakanishi/.m2/repository/org/codehaus/plexus/plexus-io/3.2.0/plexus-io-3.2.0.jar:/Users/snakanishi/.m2/repository/org/apache/maven/shared/maven-dependency-analyzer/1.11.1/maven-dependency-analyzer-1.11.1.jar:/Users/snakanishi/.m2/repository/org/ow2/asm/asm/7.0/asm-7.0.jar:/Users/snakanishi/.m2/repository/org/apache/maven/shared/maven-dependency-tree/3.0.1/maven-dependency-tree-3.0.1.jar:/Users/snakanishi/.m2/repository/org/eclipse/aether/aether-util/0.9.0.M2/aether-util-0.9.0.M2.jar:/Users/snakanishi/.m2/repository/org/apache/maven/shared/maven-common-artifact-filters/3.1.0/maven-common-artifact-filters-3.1.0.jar:/Users/snakanishi/.m2/repository/org/sonatype/sisu/sisu-inject-plexus/1.4.2/sisu-inject-plexus-1.4.2.jar:/Users/snakanishi/.m2/repository/org/sonatype/sisu/sisu-inject-bean/1.4.2/sisu-inject-bean-1.4.2.jar:/Users/snakanishi/.m2/repository/org/sonatype/sisu/sisu-guice/2.1.7/sisu-guice-2.1.7-noaop.jar:/Users/snakanishi/.m2/repository/org/apache/maven/shared/maven-artifact-transfer/0.11.0/maven-artifact-transfer-0.11.0.jar:/Users/snakanishi/.m2/repository/commons-codec/commons-codec/1.11/commons-codec-1.11.jar:/Users/snakanishi/.m2/repository/org/apache/maven/shared/maven-shared-utils/3.2.1/maven-shared-utils-3.2.1.jar:/Users/snakanishi/.m2/repository/commons-lang/commons-lang/2.6/commons-lang-2.6.jar:/Users/snakanishi/.m2/repository/commons-collections/commons-collections/3.2.2/commons-collections-3.2.2.jar:/Users/snakanishi/.m2/repository/classworlds/classworlds/1.1/classworlds-1.1.jar:/Users/snakanishi/.m2/repository/org/bitcoinj/bitcoinj-core/0.15.9/bitcoinj-core-0.15.9.jar:/Users/snakanishi/.m2/repository/org/bouncycastle/bcprov-jdk15to18/1.63/bcprov-jdk15to18-1.63.jar:/Users/snakanishi/.m2/repository/com/google/protobuf/protobuf-java/3.6.1/protobuf-java-3.6.1.jar:/Users/snakanishi/.m2/repository/com/google/guava/guava/28.2-android/guava-28.2-android.jar:/Users/snakanishi/.m2/repository/com/google/guava/failureaccess/1.0.1/failureaccess-1.0.1.jar:/Users/snakanishi/.m2/repository/com/google/guava/listenablefuture/9999.0-empty-to-avoid-conflict-with-guava/listenablefuture-9999.0-empty-to-avoid-conflict-with-guava.jar:/Users/snakanishi/.m2/repository/com/google/code/findbugs/jsr305/3.0.2/jsr305-3.0.2.jar:/Users/snakanishi/.m2/repository/org/checkerframework/checker-compat-qual/2.5.5/checker-compat-qual-2.5.5.jar:/Users/snakanishi/.m2/repository/com/google/errorprone/error_prone_annotations/2.3.4/error_prone_annotations-2.3.4.jar:/Users/snakanishi/.m2/repository/com/google/j2objc/j2objc-annotations/1.3/j2objc-annotations-1.3.jar:/Users/snakanishi/.m2/repository/com/squareup/okhttp3/okhttp/3.12.8/okhttp-3.12.8.jar:/Users/snakanishi/.m2/repository/com/squareup/okio/okio/1.15.0/okio-1.15.0.jar:/Users/snakanishi/.m2/repository/org/slf4j/slf4j-api/1.7.30/slf4j-api-1.7.30.jar:/Users/snakanishi/.m2/repository/net/jcip/jcip-annotations/1.0/jcip-annotations-1.0.jar:/Users/snakanishi/.m2/repository/org/bouncycastle/bcprov-jdk15on/1/57/org/bouncycastle/bcprov-jdk15on/1.57/bcprov-jdk15on-1.57.jar:/Users/snakanishi/.m2/repository/com/google/code/gson/gson/2.8.6/gson-2.8.6.jar:/Users/snakanishi/.m2/repository/junit/junit/4.11/junit-4.11.jar:/Users/snakanishi/.m2/repository/org/hamcrest/hamcrest-core/1.3/hamcrest-core-1.3.jar:"/>
    <property name="java.vm.vendor" value="Amazon.com Inc."/>
    <property name="sun.arch.data.model" value="64"/>
    <property name="java.vendor.url" value="https://aws.amazon.com/corretto/"/>
    <property name="user.timezone" value=""/>
    <property name="java.vm.specification.version" value="11"/>
    <property name="os.name" value="Mac OS X"/>
    <property name="sun.java.launcher" value="SUN_STANDARD"/>
    <property name="user.country" value="JP"/>
    <property name="sun.boot.library.path" value="/Library/Java/JavaVirtualMachines/amazon-corretto-11.jdk/Contents/Home/lib"/>
    <property name="sun.java.command" value="/Users/snakanishi/codespace/MyProduct/blockchain_server/sbchain/target/surefire/surefirebooter9251237817036860335.jar /Users/snakanishi/codespace/MyProduct/blockchain_server/sbchain/target/surefire 2021-03-02T01-05-50_555-jvmRun1 surefire12652489365186244492tmp surefire_06996200301662125539tmp"/>
    <property name="http.nonProxyHosts" value="local|*.local|169.254/16|*.169.254/16"/>
    <property name="jdk.debug" value="release"/>
    <property name="surefire.test.class.path" value="/Users/snakanishi/codespace/MyProduct/blockchain_server/sbchain/target/test-classes:/Users/snakanishi/codespace/MyProduct/blockchain_server/sbchain/target/classes:/Users/snakanishi/.m2/repository/com/heroku/sdk/heroku-maven-plugin/3.0.4/heroku-maven-plugin-3.0.4.jar:/Users/snakanishi/.m2/repository/com/heroku/sdk/heroku-deploy/3.0.4/heroku-deploy-3.0.4.jar:/Users/snakanishi/.m2/repository/com/fasterxml/jackson/core/jackson-core/2.10.2/jackson-core-2.10.2.jar:/Users/snakanishi/.m2/repository/com/fasterxml/jackson/core/jackson-databind/2.10.2/jackson-databind-2.10.2.jar:/Users/snakanishi/.m2/repository/com/fasterxml/jackson/core/jackson-annotations/2.10.2/jackson-annotations-2.10.2.jar:/Users/snakanishi/.m2/repository/org/apache/commons/commons-compress/1.19/commons-compress-1.19.jar:/Users/snakanishi/.m2/repository/org/apache/commons/commons-text/1.8/commons-text-1.8.jar:/Users/snakanishi/.m2/repository/org/eclipse/jgit/org.eclipse.jgit/5.6.0.201912101111-r/org.eclipse.jgit-5.6.0.201912101111-r.jar:/Users/snakanishi/.m2/repository/com/jcraft/jsch/0.1.55/jsch-0.1.55.jar:/Users/snakanishi/.m2/repository/com/jcraft/jzlib/1.1.1/jzlib-1.1.1.jar:/Users/snakanishi/.m2/repository/com/googlecode/javaewah/JavaEWAH/1.1.6/JavaEWAH-1.1.6.jar:/Users/snakanishi/.m2/repository/org/bouncycastle/bcpg-jdk15on/1.64/bcpg-jdk15on-1.64.jar:/Users/snakanishi/.m2/repository/org/bouncycastle/bcprov-jdk15on/1.64/bcprov-jdk15on-1.64.jar:/Users/snakanishi/.m2/repository/org/bouncycastle/bcpkix-jdk15on/1.64/bcpkix-jdk15on-1.64.jar:/Users/snakanishi/.m2/repository/org/apache/httpcomponents/httpclient/4.5.11/httpclient-4.5.11.jar:/Users/snakanishi/.m2/repository/commons-logging/commons-logging/1.2/commons-logging-1.2.jar:/Users/snakanishi/.m2/repository/com/heroku/api/heroku-api/0.43/heroku-api-0.43.jar:/Users/snakanishi/.m2/repository/com/heroku/api/heroku-json-jackson/0.43/heroku-json-jackson-0.43.jar:/Users/snakanishi/.m2/repository/com/heroku/api/heroku-http-apache/0.43/heroku-http-apache-0.43.jar:/Users/snakanishi/.m2/repository/org/apache/maven/maven-plugin-api/3.5.0/maven-plugin-api-3.5.0.jar:/Users/snakanishi/.m2/repository/org/eclipse/sisu/org.eclipse.sisu.plexus/0.3.3/org.eclipse.sisu.plexus-0.3.3.jar:/Users/snakanishi/.m2/repository/javax/enterprise/cdi-api/1.0/cdi-api-1.0.jar:/Users/snakanishi/.m2/repository/javax/annotation/jsr250-api/1.0/jsr250-api-1.0.jar:/Users/snakanishi/.m2/repository/org/eclipse/sisu/org.eclipse.sisu.inject/0.3.3/org.eclipse.sisu.inject-0.3.3.jar:/Users/snakanishi/.m2/repository/org/apache/maven/maven-core/3.5.0/maven-core-3.5.0.jar:/Users/snakanishi/.m2/repository/org/apache/maven/maven-settings/3.5.0/maven-settings-3.5.0.jar:/Users/snakanishi/.m2/repository/org/apache/maven/maven-settings-builder/3.5.0/maven-settings-builder-3.5.0.jar:/Users/snakanishi/.m2/repository/org/apache/maven/maven-builder-support/3.5.0/maven-builder-support-3.5.0.jar:/Users/snakanishi/.m2/repository/org/apache/maven/maven-model-builder/3.5.0/maven-model-builder-3.5.0.jar:/Users/snakanishi/.m2/repository/org/apache/maven/maven-resolver-provider/3.5.0/maven-resolver-provider-3.5.0.jar:/Users/snakanishi/.m2/repository/org/apache/maven/resolver/maven-resolver-impl/1.0.3/maven-resolver-impl-1.0.3.jar:/Users/snakanishi/.m2/repository/org/apache/maven/resolver/maven-resolver-api/1.0.3/maven-resolver-api-1.0.3.jar:/Users/snakanishi/.m2/repository/org/apache/maven/resolver/maven-resolver-spi/1.0.3/maven-resolver-spi-1.0.3.jar:/Users/snakanishi/.m2/repository/org/apache/maven/resolver/maven-resolver-util/1.0.3/maven-resolver-util-1.0.3.jar:/Users/snakanishi/.m2/repository/com/google/inject/guice/4.0/guice-4.0-no_aop.jar:/Users/snakanishi/.m2/repository/javax/inject/javax.inject/1/javax.inject-1.jar:/Users/snakanishi/.m2/repository/aopalliance/aopalliance/1.0/aopalliance-1.0.jar:/Users/snakanishi/.m2/repository/org/codehaus/plexus/plexus-interpolation/1.24/plexus-interpolation-1.24.jar:/Users/snakanishi/.m2/repository/org/codehaus/plexus/plexus-classworlds/2.5.2/plexus-classworlds-2.5.2.jar:/Users/snakanishi/.m2/repository/org/codehaus/plexus/plexus-component-annotations/1.7.1/plexus-component-annotations-1.7.1.jar:/Users/snakanishi/.m2/repository/org/sonatype/plexus/plexus-sec-dispatcher/1.4/plexus-sec-dispatcher-1.4.jar:/Users/snakanishi/.m2/repository/org/sonatype/plexus/plexus-cipher/1.4/plexus-cipher-1.4.jar:/Users/snakanishi/.m2/repository/org/apache/commons/commons-lang3/3.5/commons-lang3-3.5.jar:/Users/snakanishi/.m2/repository/org/apache/maven/maven-artifact/3.5.0/maven-artifact-3.5.0.jar:/Users/snakanishi/.m2/repository/org/twdata/maven/mojo-executor/2.3.1/mojo-executor-2.3.1.jar:/Users/snakanishi/.m2/repository/org/apache/maven/plugins/maven-dependency-plugin/3.1.2/maven-dependency-plugin-3.1.2.jar:/Users/snakanishi/.m2/repository/org/apache/maven/maven-model/3.0/maven-model-3.0.jar:/Users/snakanishi/.m2/repository/org/apache/maven/maven-repository-metadata/3.0/maven-repository-metadata-3.0.jar:/Users/snakanishi/.m2/repository/org/apache/maven/reporting/maven-reporting-api/3.0/maven-reporting-api-3.0.jar:/Users/snakanishi/.m2/repository/org/apache/maven/reporting/maven-reporting-impl/3.0.0/maven-reporting-impl-3.0.0.jar:/Users/snakanishi/.m2/repository/org/apache/maven/doxia/doxia-decoration-model/1.7.4/doxia-decoration-model-1.7.4.jar:/Users/snakanishi/.m2/repository/commons-io/commons-io/2.6/commons-io-2.6.jar:/Users/snakanishi/.m2/repository/org/apache/maven/doxia/doxia-sink-api/1.9/doxia-sink-api-1.9.jar:/Users/snakanishi/.m2/repository/org/apache/maven/doxia/doxia-logging-api/1.9/doxia-logging-api-1.9.jar:/Users/snakanishi/.m2/repository/org/apache/maven/doxia/doxia-core/1.9/doxia-core-1.9.jar:/Users/snakanishi/.m2/repository/org/codehaus/plexus/plexus-container-default/1.7.1/plexus-container-default-1.7.1.jar:/Users/snakanishi/.m2/repository/org/apache/xbean/xbean-reflect/3.7/xbean-reflect-3.7.jar:/Users/snakanishi/.m2/repository/com/google/collections/google-collections/1.0/google-collections-1.0.jar:/Users/snakanishi/.m2/repository/org/apache/httpcomponents/httpcore/4.4.11/httpcore-4.4.11.jar:/Users/snakanishi/.m2/repository/org/apache/maven/doxia/doxia-site-renderer/1.9/doxia-site-renderer-1.9.jar:/Users/snakanishi/.m2/repository/org/apache/maven/doxia/doxia-skin-model/1.9/doxia-skin-model-1.9.jar:/Users/snakanishi/.m2/repository/org/apache/maven/doxia/doxia-module-xhtml/1.9/doxia-module-xhtml-1.9.jar:/Users/snakanishi/.m2/repository/org/apache/maven/doxia/doxia-module-xhtml5/1.9/doxia-module-xhtml5-1.9.jar:/Users/snakanishi/.m2/repository/org/codehaus/plexus/plexus-i18n/1.0-beta-10/plexus-i18n-1.0-beta-10.jar:/Users/snakanishi/.m2/repository/org/codehaus/plexus/plexus-velocity/1.2/plexus-velocity-1.2.jar:/Users/snakanishi/.m2/repository/org/apache/velocity/velocity/1.7/velocity-1.7.jar:/Users/snakanishi/.m2/repository/org/apache/velocity/velocity-tools/2.0/velocity-tools-2.0.jar:/Users/snakanishi/.m2/repository/commons-beanutils/commons-beanutils/1.7.0/commons-beanutils-1.7.0.jar:/Users/snakanishi/.m2/repository/commons-digester/commons-digester/1.8/commons-digester-1.8.jar:/Users/snakanishi/.m2/repository/commons-chain/commons-chain/1.1/commons-chain-1.1.jar:/Users/snakanishi/.m2/repository/commons-validator/commons-validator/1.3.1/commons-validator-1.3.1.jar:/Users/snakanishi/.m2/repository/dom4j/dom4j/1.1/dom4j-1.1.jar:/Users/snakanishi/.m2/repository/oro/oro/2.0.8/oro-2.0.8.jar:/Users/snakanishi/.m2/repository/sslext/sslext/1.2-0/sslext-1.2-0.jar:/Users/snakanishi/.m2/repository/org/apache/struts/struts-core/1.3.8/struts-core-1.3.8.jar:/Users/snakanishi/.m2/repository/antlr/antlr/2.7.2/antlr-2.7.2.jar:/Users/snakanishi/.m2/repository/org/apache/struts/struts-taglib/1.3.8/struts-taglib-1.3.8.jar:/Users/snakanishi/.m2/repository/org/apache/struts/struts-tiles/1.3.8/struts-tiles-1.3.8.jar:/Users/snakanishi/.m2/repository/org/codehaus/plexus/plexus-archiver/4.2.2/plexus-archiver-4.2.2.jar:/Users/snakanishi/.m2/repository/org/iq80/snappy/snappy/0.4/snappy-0.4.jar:/Users/snakanishi/.m2/repository/org/tukaani/xz/1.8/xz-1.8.jar:/Users/snakanishi/.m2/repository/org/codehaus/plexus/plexus-utils/3.3.0/plexus-utils-3.3.0.jar:/Users/snakanishi/.m2/repository/org/apache/maven/shared/file-management/3.0.0/file-management-3.0.0.jar:/Users/snakanishi/.m2/repository/org/apache/maven/shared/maven-shared-io/3.0.0/maven-shared-io-3.0.0.jar:/Users/snakanishi/.m2/repository/org/apache/maven/maven-compat/3.0/maven-compat-3.0.jar:/Users/snakanishi/.m2/repository/org/apache/maven/wagon/wagon-provider-api/2.10/wagon-provider-api-2.10.jar:/Users/snakanishi/.m2/repository/org/codehaus/plexus/plexus-io/3.2.0/plexus-io-3.2.0.jar:/Users/snakanishi/.m2/repository/org/apache/maven/shared/maven-dependency-analyzer/1.11.1/maven-dependency-analyzer-1.11.1.jar:/Users/snakanishi/.m2/repository/org/ow2/asm/asm/7.0/asm-7.0.jar:/Users/snakanishi/.m2/repository/org/apache/maven/shared/maven-dependency-tree/3.0.1/maven-dependency-tree-3.0.1.jar:/Users/snakanishi/.m2/repository/org/eclipse/aether/aether-util/0.9.0.M2/aether-util-0.9.0.M2.jar:/Users/snakanishi/.m2/repository/org/apache/maven/shared/maven-common-artifact-filters/3.1.0/maven-common-artifact-filters-3.1.0.jar:/Users/snakanishi/.m2/repository/org/sonatype/sisu/sisu-inject-plexus/1.4.2/sisu-inject-plexus-1.4.2.jar:/Users/snakanishi/.m2/repository/org/sonatype/sisu/sisu-inject-bean/1.4.2/sisu-inject-bean-1.4.2.jar:/Users/snakanishi/.m2/repository/org/sonatype/sisu/sisu-guice/2.1.7/sisu-guice-2.1.7-noaop.jar:/Users/snakanishi/.m2/repository/org/apache/maven/shared/maven-artifact-transfer/0.11.0/maven-artifact-transfer-0.11.0.jar:/Users/snakanishi/.m2/repository/commons-codec/commons-codec/1.11/commons-codec-1.11.jar:/Users/snakanishi/.m2/repository/org/apache/maven/shared/maven-shared-utils/3.2.1/maven-shared-utils-3.2.1.jar:/Users/snakanishi/.m2/repository/commons-lang/commons-lang/2.6/commons-lang-2.6.jar:/Users/snakanishi/.m2/repository/commons-collections/commons-collections/3.2.2/commons-collections-3.2.2.jar:/Users/snakanishi/.m2/repository/classworlds/classworlds/1.1/classworlds-1.1.jar:/Users/snakanishi/.m2/repository/org/bitcoinj/bitcoinj-core/0.15.9/bitcoinj-core-0.15.9.jar:/Users/snakanishi/.m2/repository/org/bouncycastle/bcprov-jdk15to18/1.63/bcprov-jdk15to18-1.63.jar:/Users/snakanishi/.m2/repository/com/google/protobuf/protobuf-java/3.6.1/protobuf-java-3.6.1.jar:/Users/snakanishi/.m2/repository/com/google/guava/guava/28.2-android/guava-28.2-android.jar:/Users/snakanishi/.m2/repository/com/google/guava/failureaccess/1.0.1/failureaccess-1.0.1.jar:/Users/snakanishi/.m2/repository/com/google/guava/listenablefuture/9999.0-empty-to-avoid-conflict-with-guava/listenablefuture-9999.0-empty-to-avoid-conflict-with-guava.jar:/Users/snakanishi/.m2/repository/com/google/code/findbugs/jsr305/3.0.2/jsr305-3.0.2.jar:/Users/snakanishi/.m2/repository/org/checkerframework/checker-compat-qual/2.5.5/checker-compat-qual-2.5.5.jar:/Users/snakanishi/.m2/repository/com/google/errorprone/error_prone_annotations/2.3.4/error_prone_annotations-2.3.4.jar:/Users/snakanishi/.m2/repository/com/google/j2objc/j2objc-annotations/1.3/j2objc-annotations-1.3.jar:/Users/snakanishi/.m2/repository/com/squareup/okhttp3/okhttp/3.12.8/okhttp-3.12.8.jar:/Users/snakanishi/.m2/repository/com/squareup/okio/okio/1.15.0/okio-1.15.0.jar:/Users/snakanishi/.m2/repository/org/slf4j/slf4j-api/1.7.30/slf4j-api-1.7.30.jar:/Users/snakanishi/.m2/repository/net/jcip/jcip-annotations/1.0/jcip-annotations-1.0.jar:/Users/snakanishi/.m2/repository/org/bouncycastle/bcprov-jdk15on/1/57/org/bouncycastle/bcprov-jdk15on/1.57/bcprov-jdk15on-1.57.jar:/Users/snakanishi/.m2/repository/com/google/code/gson/gson/2.8.6/gson-2.8.6.jar:/Users/snakanishi/.m2/repository/junit/junit/4.11/junit-4.11.jar:/Users/snakanishi/.m2/repository/org/hamcrest/hamcrest-core/1.3/hamcrest-core-1.3.jar:"/>
    <property name="sun.cpu.endian" value="little"/>
    <property name="user.home" value="/Users/snakanishi"/>
    <property name="user.language" value="ja"/>
    <property name="java.specification.vendor" value="Oracle Corporation"/>
    <property name="java.version.date" value="2020-11-04"/>
    <property name="java.home" value="/Library/Java/JavaVirtualMachines/amazon-corretto-11.jdk/Contents/Home"/>
    <property name="file.separator" value="/"/>
    <property name="basedir" value="/Users/snakanishi/codespace/MyProduct/blockchain_server/sbchain"/>
    <property name="java.vm.compressedOopsMode" value="Zero based"/>
    <property name="line.separator" value="&#10;"/>
    <property name="java.specification.name" value="Java Platform API Specification"/>
    <property name="java.vm.specification.vendor" value="Oracle Corporation"/>
    <property name="java.awt.graphicsenv" value="sun.awt.CGraphicsEnvironment"/>
    <property name="surefire.real.class.path" value="/Users/snakanishi/codespace/MyProduct/blockchain_server/sbchain/target/surefire/surefirebooter9251237817036860335.jar"/>
    <property name="sun.management.compiler" value="HotSpot 64-Bit Tiered Compilers"/>
    <property name="ftp.nonProxyHosts" value="local|*.local|169.254/16|*.169.254/16"/>
    <property name="java.runtime.version" value="11.0.9.1+12-LTS"/>
    <property name="user.name" value="snakanishi"/>
    <property name="path.separator" value=":"/>
    <property name="os.version" value="10.16"/>
    <property name="java.runtime.name" value="OpenJDK Runtime Environment"/>
    <property name="file.encoding" value="UTF-8"/>
    <property name="java.vm.name" value="OpenJDK 64-Bit Server VM"/>
    <property name="java.vendor.version" value="Corretto-11.0.9.12.1"/>
    <property name="localRepository" value="/Users/snakanishi/.m2/repository"/>
    <property name="java.vendor.url.bug" value="https://github.com/corretto/corretto-11/issues/"/>
    <property name="java.io.tmpdir" value="/var/folders/44/bp_wx5r10r1_q6l3f5fgwwt80000gn/T/"/>
    <property name="java.version" value="11.0.9.1"/>
    <property name="user.dir" value="/Users/snakanishi/codespace/MyProduct/blockchain_server/sbchain"/>
    <property name="os.arch" value="x86_64"/>
    <property name="java.vm.specification.name" value="Java Virtual Machine Specification"/>
    <property name="java.awt.printerjob" value="sun.lwawt.macosx.CPrinterJob"/>
    <property name="sun.os.patch.level" value="unknown"/>
    <property name="java.library.path" value="/Users/snakanishi/Library/Java/Extensions:/Library/Java/Extensions:/Network/Library/Java/Extensions:/System/Library/Java/Extensions:/usr/lib/java:."/>
    <property name="java.vm.info" value="mixed mode"/>
    <property name="java.vendor" value="Amazon.com Inc."/>
    <property name="java.vm.version" value="11.0.9.1+12-LTS"/>
    <property name="sun.io.unicode.encoding" value="UnicodeBig"/>
    <property name="java.class.version" value="55.0"/>
    <property name="socksNonProxyHosts" value="local|*.local|169.254/16|*.169.254/16"/>
  </properties>
  <testcase name="shouldAnswerWithTrue" classname="com.myexample.ApplicationServerTest" time="0.002"/>
</testsuite>